Game board: 

8   r   .   .   .   k   .   .   r
7   p   .   p   p   q   p   b   .
6   b   n   .   .   p   n   p   .
5   .   .   .   P   N   .   .   .
4   .   p   .   .   P   .   .   .
3   .   .   N   .   .   Q   .   p
2   P   P   P   B   B   P   P   P
1   R   .   .   .   K   .   .   R

    a   b   c   d   e   f   g   h
side: w
EnPassant:99
castle: KQkq
posKey: 921ED08E118C9B62

Starting Test To Depth:5
move 1 : a2a3 : 0
move 2 : a2a4 : 0
move 3 : b2b3 : 2
move 4 : g2g3 : 3
move 5 : g2g4 : 1
move 6 : g2h3 : 21
move 7 : d5d6 : 41
move 8 : d5e6 : 53
move 9 : e1g1 : 83
move 10 : e1c1 : 102
move 11 : d2c1 : 137
move 12 : d2e3 : 85
move 13 : d2f4 : 194
move 14 : d2g5 : 88
move 15 : d2h6 : 165
move 16 : e2f1 : 180
move 17 : e2d1 : 196
move 18 : e2d3 : 228
move 19 : e2c4 : 181
move 20 : e2b5 : 155
move 21 : e2a6 : 140
move 22 : a1b1 : 153
move 23 : a1c1 : 173
move 24 : a1d1 : 180
move 25 : h1g1 : 119
move 26 : h1f1 : 128
move 27 : f3e3 : 155
move 28 : f3d3 : 113
move 29 : f3g3 : 172
move 30 : f3h3 : 164
move 31 : f3f4 : 229
move 32 : f3f5 : 125
move 33 : f3f6 : 148
move 34 : f3g4 : 560792
move 35 : f3h5 : 81
move 36 : c3d1 : 64
move 37 : c3b1 : 311438
move 38 : c3a4 : 82
move 39 : c3b5 : 934937
move 40 : e5g4 : 155
move 41 : e5d3 : 125
move 42 : e5c4 : 106
move 43 : e5c6 : 102
move 44 : e5d7 : 104
move 45 : e5f7 : 197
move 46 : e5g6 : 104
move 47 : e1d1 : 129
move 48 : e1f1 : 123

Test Complete : 193690690 nodes visited
