Game board: 

8   r   n   b   q   k   b   n   r
7   p   p   p   p   p   p   p   p
6   .   .   .   .   .   .   .   .
5   .   .   .   .   .   .   .   .
4   .   .   .   .   .   .   .   .
3   .   .   .   .   .   .   .   .
2   P   P   P   P   P   P   P   P
1   R   N   B   Q   K   B   N   R

    a   b   c   d   e   f   g   h
side: w
EnPassant:99
castle: KQkq
posKey: B7F168308D12ABA4

Starting Test To Depth:3
move 1 : a2a3 : 380
move 2 : a2a4 : 420
move 3 : b2b3 : 420
move 4 : b2b4 : 421
move 5 : c2c3 : 420
move 6 : c2c4 : 441
move 7 : d2d3 : 539
move 8 : d2d4 : 560
move 9 : e2e3 : 599
move 10 : e2e4 : 600
move 11 : f2f3 : 380
move 12 : f2f4 : 401
move 13 : g2g3 : 420
move 14 : g2g4 : 421
move 15 : h2h3 : 380
move 16 : h2h4 : 420
move 17 : b1a3 : 400
move 18 : b1c3 : 440
move 19 : g1f3 : 440
move 20 : g1h3 : 400

Test Complete : 8902 nodes visited
